{"C:\\Users\\cleber0794\\Desktop\\gt06-backend\\src\\controllers\\OperacoesController.js": {"path":"C:\\Users\\cleber0794\\Desktop\\gt06-backend\\src\\controllers\\OperacoesController.js","statementMap":{"0":{"start":{"line":1,"column":13},"end":{"line":9,"column":1}},"1":{"start":{"line":2,"column":4},"end":{"line":8,"column":5}},"2":{"start":{"line":3,"column":20},"end":{"line":3,"column":25}},"3":{"start":{"line":4,"column":8},"end":{"line":4,"column":20}},"4":{"start":{"line":7,"column":8},"end":{"line":7,"column":35}},"5":{"start":{"line":12,"column":18},"end":{"line":15,"column":1}},"6":{"start":{"line":13,"column":16},"end":{"line":13,"column":21}},"7":{"start":{"line":14,"column":4},"end":{"line":14,"column":16}},"8":{"start":{"line":17,"column":22},"end":{"line":20,"column":1}},"9":{"start":{"line":18,"column":16},"end":{"line":18,"column":21}},"10":{"start":{"line":19,"column":4},"end":{"line":19,"column":16}},"11":{"start":{"line":22,"column":16},"end":{"line":25,"column":1}},"12":{"start":{"line":23,"column":16},"end":{"line":23,"column":21}},"13":{"start":{"line":24,"column":4},"end":{"line":24,"column":16}},"14":{"start":{"line":28,"column":0},"end":{"line":28,"column":59}}},"fnMap":{"0":{"name":"(anonymous_0)","decl":{"start":{"line":1,"column":13},"end":{"line":1,"column":14}},"loc":{"start":{"line":1,"column":23},"end":{"line":9,"column":1}},"line":1},"1":{"name":"(anonymous_1)","decl":{"start":{"line":12,"column":18},"end":{"line":12,"column":19}},"loc":{"start":{"line":12,"column":28},"end":{"line":15,"column":1}},"line":12},"2":{"name":"(anonymous_2)","decl":{"start":{"line":17,"column":22},"end":{"line":17,"column":23}},"loc":{"start":{"line":17,"column":32},"end":{"line":20,"column":1}},"line":17},"3":{"name":"(anonymous_3)","decl":{"start":{"line":22,"column":16},"end":{"line":22,"column":17}},"loc":{"start":{"line":22,"column":26},"end":{"line":25,"column":1}},"line":22}},"branchMap":{},"s":{"0":1,"1":1,"2":1,"3":1,"4":0,"5":1,"6":1,"7":1,"8":1,"9":1,"10":1,"11":1,"12":1,"13":1,"14":1},"f":{"0":1,"1":1,"2":1,"3":1},"b":{},"_coverageSchema":"1a1c01bbd47fc00a2c39e90264f33305004495a9","hash":"3929f49995c5655a820cc0d32e463b5f47b7d6d4"}
}
